<?xml version="1.0" encoding="UTF-8"?>
<!-- Generated by org.testng.reporters.JUnitXMLReporter -->
<testsuite ignored="3" hostname="AbyaanShabeer" failures="0" tests="1" name="Default test" time="62.463" errors="0" timestamp="14 Jun 2021 19:25:00 GMT">
  <testcase classname="test.LoginTestCase" name="clientsearch" time="55.113"/>
  <testcase classname="test.LoginTestCase" name="userTest" time="0.0">
    <ignored/>
  </testcase> <!-- userTest -->
  <testcase classname="test.LoginTestCase" name="searchMenuItems" time="0.0">
    <ignored/>
  </testcase> <!-- searchMenuItems -->
  <testcase classname="test.LoginTestCase" name="deleteuser" time="0.0">
    <ignored/>
  </testcase> <!-- deleteuser -->
</testsuite> <!-- Default test -->
