<?xml version="1.0" encoding="UTF-8"?>
<testng-results ignored="0" total="1" passed="1" failed="0" skipped="0">
  <reporter-output>
  </reporter-output>
  <suite started-at="2021-06-15T11:00:06Z" name="Default suite" finished-at="2021-06-15T11:00:43Z" duration-ms="36938">
    <groups>
    </groups>
    <test started-at="2021-06-15T11:00:06Z" name="Default test" finished-at="2021-06-15T11:00:43Z" duration-ms="36938">
      <class name="test.ClientPageTestCase">
        <test-method is-config="true" signature="browsersetup()[pri:0, instance:test.ClientPageTestCase@6057aebb]" started-at="2021-06-15T11:00:04Z" name="browsersetup" finished-at="2021-06-15T11:00:06Z" duration-ms="1742" status="PASS">
          <reporter-output>
          </reporter-output>
        </test-method> <!-- browsersetup -->
        <test-method is-config="true" signature="appsetup()[pri:0, instance:test.ClientPageTestCase@6057aebb]" started-at="2021-06-15T11:00:06Z" name="appsetup" finished-at="2021-06-15T11:00:12Z" duration-ms="6481" status="PASS">
          <reporter-output>
          </reporter-output>
        </test-method> <!-- appsetup -->
        <test-method is-config="true" signature="loginTest()[pri:0, instance:test.ClientPageTestCase@6057aebb]" started-at="2021-06-15T11:00:12Z" name="loginTest" finished-at="2021-06-15T11:00:40Z" depends-on-methods="test.AppSetup.appsetup" duration-ms="27649" status="PASS">
          <reporter-output>
          </reporter-output>
        </test-method> <!-- loginTest -->
        <test-method signature="clientsearch()[pri:0, instance:test.ClientPageTestCase@6057aebb]" started-at="2021-06-15T11:00:40Z" name="clientsearch" finished-at="2021-06-15T11:00:43Z" duration-ms="2783" status="PASS">
          <reporter-output>
          </reporter-output>
        </test-method> <!-- clientsearch -->
        <test-method is-config="true" signature="quit()[pri:0, instance:test.ClientPageTestCase@6057aebb]" started-at="2021-06-15T11:00:43Z" name="quit" finished-at="2021-06-15T11:00:43Z" duration-ms="714" status="PASS">
          <reporter-output>
          </reporter-output>
        </test-method> <!-- quit -->
      </class> <!-- test.ClientPageTestCase -->
    </test> <!-- Default test -->
  </suite> <!-- Default suite -->
</testng-results>
