<?xml version="1.0" encoding="UTF-8"?>
<testng-results ignored="3" total="4" passed="1" failed="0" skipped="0">
  <reporter-output>
  </reporter-output>
  <suite started-at="2021-06-14T19:23:57Z" name="Default suite" finished-at="2021-06-14T19:25:00Z" duration-ms="62463">
    <groups>
    </groups>
    <test started-at="2021-06-14T19:23:57Z" name="Default test" finished-at="2021-06-14T19:25:00Z" duration-ms="62463">
      <class name="test.LoginTestCase">
        <test-method is-config="true" signature="browsersetup()[pri:0, instance:test.LoginTestCase@75d2da2d]" started-at="2021-06-14T19:23:56Z" name="browsersetup" finished-at="2021-06-14T19:23:57Z" duration-ms="1670" status="PASS">
          <reporter-output>
          </reporter-output>
        </test-method> <!-- browsersetup -->
        <test-method is-config="true" signature="appsetup()[pri:0, instance:test.LoginTestCase@75d2da2d]" started-at="2021-06-14T19:23:57Z" name="appsetup" finished-at="2021-06-14T19:24:00Z" duration-ms="2135" status="PASS">
          <reporter-output>
          </reporter-output>
        </test-method> <!-- appsetup -->
        <test-method is-config="true" signature="loginTest()[pri:0, instance:test.LoginTestCase@75d2da2d]" started-at="2021-06-14T19:24:00Z" name="loginTest" finished-at="2021-06-14T19:24:05Z" duration-ms="5194" status="PASS">
          <reporter-output>
          </reporter-output>
        </test-method> <!-- loginTest -->
        <test-method signature="clientsearch()[pri:0, instance:test.LoginTestCase@75d2da2d]" started-at="2021-06-14T19:24:05Z" name="clientsearch" finished-at="2021-06-14T19:25:00Z" duration-ms="55113" status="PASS">
          <reporter-output>
          </reporter-output>
        </test-method> <!-- clientsearch -->
        <test-method is-config="true" signature="quit()[pri:0, instance:test.LoginTestCase@75d2da2d]" started-at="2021-06-14T19:25:00Z" name="quit" finished-at="2021-06-14T19:25:00Z" duration-ms="0" status="PASS">
          <reporter-output>
          </reporter-output>
        </test-method> <!-- quit -->
      </class> <!-- test.LoginTestCase -->
    </test> <!-- Default test -->
  </suite> <!-- Default suite -->
</testng-results>
